<?xml version="1.0" encoding="UTF-8"?>
<!-- Generated by org.testng.reporters.JUnitReportReporter -->
<testsuite hostname="DESKTOP-L9TD1GF" failures="0" tests="1" name="serialization.deserialization" time="0.413" errors="0" timestamp="2024-02-26T13:04:40 IST" skipped="0">
  <testcase classname="serialization.deserialization" name="empDeserialization" time="0.413"/>
  <system-out/>
</testsuite> <!-- serialization.deserialization -->
