<?xml version="1.0" encoding="UTF-8"?>
<!-- Generated by org.testng.reporters.JUnitReportReporter -->
<testsuite hostname="DESKTOP-L9TD1GF" failures="0" tests="6" name="bDDapprochReqresProject.Tc1" time="9.368" errors="0" timestamp="2024-02-22T15:13:20 IST" skipped="0">
  <testcase classname="bDDapprochReqresProject.Tc1" name="CreateProject" time="6.560"/>
  <system-out/>
  <testcase classname="bDDapprochReqresProject.Tc1" name="getAllProjects" time="0.490"/>
  <system-out/>
  <testcase classname="bDDapprochReqresProject.Tc1" name="updateput" time="0.536"/>
  <system-out/>
  <testcase classname="bDDapprochReqresProject.Tc1" name="patch" time="0.583"/>
  <system-out/>
  <testcase classname="bDDapprochReqresProject.Tc1" name="CreateProject2" time="0.602"/>
  <system-out/>
  <testcase classname="bDDapprochReqresProject.Tc1" name="deleteProject2" time="0.597"/>
  <system-out/>
</testsuite> <!-- bDDapprochReqresProject.Tc1 -->
