<?xml version="1.0" encoding="UTF-8"?>
<!-- Generated by org.testng.reporters.JUnitReportReporter -->
<testsuite hostname="DESKTOP-L9TD1GF" failures="0" tests="1" name="RequestChaining.requestChainingClass" time="5.319" errors="0" timestamp="2024-02-23T15:35:48 IST" skipped="0">
  <testcase classname="RequestChaining.requestChainingClass" name="reqchain" time="5.319"/>
  <system-out/>
</testsuite> <!-- RequestChaining.requestChainingClass -->
