<?xml version="1.0" encoding="UTF-8"?>
<!-- Generated by org.testng.reporters.JUnitReportReporter -->
<testsuite hostname="DESKTOP-L9TD1GF" failures="0" tests="1" name="validationForReqres.StaticValidation" time="5.107" errors="0" timestamp="2024-02-23T12:08:51 IST" skipped="0">
  <testcase classname="validationForReqres.StaticValidation" name="staticResp" time="5.107"/>
  <system-out/>
</testsuite> <!-- validationForReqres.StaticValidation -->
