<?xml version="1.0" encoding="UTF-8"?>
<!-- Generated by org.testng.reporters.JUnitReportReporter -->
<testsuite hostname="DESKTOP-L9TD1GF" failures="0" tests="1" name="restAssured_Authentication.coops_Get" time="5.493" errors="0" timestamp="2024-02-26T12:17:53 IST" skipped="0">
  <testcase classname="restAssured_Authentication.coops_Get" name="gettest" time="5.493"/>
  <system-out/>
</testsuite> <!-- restAssured_Authentication.coops_Get -->
