<?xml version="1.0" encoding="UTF-8"?>
<!-- Generated by org.testng.reporters.JUnitReportReporter -->
<testsuite hostname="DESKTOP-L9TD1GF" failures="0" tests="1" name="createProjectPojo.jsonFilePassing" time="3.861" errors="0" timestamp="2024-02-22T15:54:47 IST" skipped="0">
  <testcase classname="createProjectPojo.jsonFilePassing" name="createProj" time="3.861"/>
  <system-out/>
</testsuite> <!-- createProjectPojo.jsonFilePassing -->
