<?xml version="1.0" encoding="UTF-8"?>
<!-- Generated by org.testng.reporters.JUnitReportReporter -->
<testsuite hostname="DESKTOP-L9TD1GF" failures="0" tests="1" name="Validation.dynamicResponseValidation" time="7.131" errors="0" timestamp="2024-02-23T10:48:43 IST" skipped="0">
  <testcase classname="Validation.dynamicResponseValidation" name="dynamicRes" time="7.131"/>
  <system-out/>
</testsuite> <!-- Validation.dynamicResponseValidation -->
