<?xml version="1.0" encoding="UTF-8"?>
<!-- Generated by org.testng.reporters.JUnitReportReporter -->
<testsuite hostname="DESKTOP-L9TD1GF" failures="0" tests="1" name="restAssured_Authentication.coops" time="3.843" errors="0" timestamp="2024-02-26T11:12:24 IST" skipped="0">
  <testcase classname="restAssured_Authentication.coops" name="coopsAPI" time="3.843"/>
  <system-out/>
</testsuite> <!-- restAssured_Authentication.coops -->
