<?xml version="1.0" encoding="UTF-8"?>
<!-- Generated by org.testng.reporters.JUnitReportReporter -->
<testsuite hostname="DESKTOP-L9TD1GF" failures="0" tests="1" name="restAssured_Authentication.coops_apiTest1" time="5.637" errors="0" timestamp="2024-02-26T11:40:19 IST" skipped="0">
  <testcase classname="restAssured_Authentication.coops_apiTest1" name="coopsAPI" time="5.637"/>
  <system-out/>
</testsuite> <!-- restAssured_Authentication.coops_apiTest1 -->
