<?xml version="1.0" encoding="UTF-8"?>
<!-- Generated by org.testng.reporters.JUnitReportReporter -->
<testsuite hostname="DESKTOP-L9TD1GF" failures="0" tests="1" name="Validation.staticResponseBodyValidation" time="6.710" errors="0" timestamp="2024-02-23T10:47:37 IST" skipped="0">
  <testcase classname="Validation.staticResponseBodyValidation" name="staticRespose" time="6.710"/>
  <system-out/>
</testsuite> <!-- Validation.staticResponseBodyValidation -->
