<?xml version="1.0" encoding="UTF-8"?>
<!-- Generated by org.testng.reporters.JUnitReportReporter -->
<testsuite hostname="DESKTOP-L9TD1GF" failures="0" tests="1" name="validationForReqres.DynamicValidation" time="5.991" errors="0" timestamp="2024-02-23T12:32:01 IST" skipped="0">
  <testcase classname="validationForReqres.DynamicValidation" name="dynamicValidation" time="5.991"/>
  <system-out/>
</testsuite> <!-- validationForReqres.DynamicValidation -->
