<?xml version="1.0" encoding="UTF-8"?>
<!-- Generated by org.testng.reporters.JUnitReportReporter -->
<testsuite hostname="DESKTOP-L9TD1GF" failures="0" tests="6" name="bddApprochRMG.TC1_CreateProject" time="3.568" errors="0" timestamp="2024-02-22T13:22:02 IST" skipped="5">
  <testcase classname="bddApprochRMG.TC1_CreateProject" name="deleteProject2" time="3.568"/>
  <system-out/>
  <testcase classname="bddApprochRMG.TC1_CreateProject" name="getProjectID">
    <skipped/>
  </testcase> <!-- getProjectID -->
  <system-out/>
  <testcase classname="bddApprochRMG.TC1_CreateProject" name="createProject2_Test">
    <skipped/>
  </testcase> <!-- createProject2_Test -->
  <system-out/>
  <testcase classname="bddApprochRMG.TC1_CreateProject" name="getAllProjects">
    <skipped/>
  </testcase> <!-- getAllProjects -->
  <system-out/>
  <testcase classname="bddApprochRMG.TC1_CreateProject" name="createProject1_Test">
    <skipped/>
  </testcase> <!-- createProject1_Test -->
  <system-out/>
  <testcase classname="bddApprochRMG.TC1_CreateProject" name="UpdateProject">
    <skipped/>
  </testcase> <!-- UpdateProject -->
  <system-out/>
</testsuite> <!-- bddApprochRMG.TC1_CreateProject -->
