<?xml version="1.0" encoding="UTF-8"?>
<!-- Generated by org.testng.reporters.JUnitReportReporter -->
<testsuite hostname="DESKTOP-L9TD1GF" failures="0" tests="1" name="RequestChaining.RequestChainingFOrReq" time="6.214" errors="0" timestamp="2024-02-23T16:27:21 IST" skipped="0">
  <testcase classname="RequestChaining.RequestChainingFOrReq" name="reqchain" time="6.214"/>
  <system-out/>
</testsuite> <!-- RequestChaining.RequestChainingFOrReq -->
