<?xml version="1.0" encoding="UTF-8"?>
<!-- Generated by org.testng.reporters.JUnitReportReporter -->
<testsuite hostname="DESKTOP-L9TD1GF" failures="0" tests="3" name="ddtRestAssuredTesting.DataDrivenTesting" time="5.292" errors="0" timestamp="2024-02-23T13:24:11 IST" skipped="0">
  <testcase classname="ddtRestAssuredTesting.DataDrivenTesting" name="ddt" time="0.128"/>
  <system-out/>
  <testcase classname="ddtRestAssuredTesting.DataDrivenTesting" name="ddt" time="0.105"/>
  <system-out/>
  <testcase classname="ddtRestAssuredTesting.DataDrivenTesting" name="ddt" time="5.059"/>
  <system-out/>
</testsuite> <!-- ddtRestAssuredTesting.DataDrivenTesting -->
