<?xml version="1.0" encoding="UTF-8"?>
<!-- Generated by org.testng.reporters.JUnitReportReporter -->
<testsuite hostname="DESKTOP-L9TD1GF" failures="0" tests="1" name="serialization.serilize" time="0.386" errors="0" timestamp="2024-02-26T12:59:28 IST" skipped="0">
  <testcase classname="serialization.serilize" name="empSer" time="0.386"/>
  <system-out/>
</testsuite> <!-- serialization.serilize -->
