<?xml version="1.0" encoding="UTF-8"?>
<!-- Generated by org.testng.reporters.JUnitReportReporter -->
<testsuite hostname="DESKTOP-L9TD1GF" failures="0" tests="1" name="restAssured_Authentication.auth2" time="6.235" errors="0" timestamp="2024-02-26T11:15:27 IST" skipped="0">
  <testcase classname="restAssured_Authentication.auth2" name="auth2zero" time="6.235"/>
  <system-out/>
</testsuite> <!-- restAssured_Authentication.auth2 -->
